app/build/intermediates/manifest_merge_blame_file/debug/manifest-merger-blame-debug-report.txt
1<?xml version="1.0" encoding="utf-8"?>
2<manifest xmlns:android="http://schemas.android.com/apk/res/android"
3    package="com.projetoIntegrador.cuidese"
4    android:versionCode="1"
5    android:versionName="1.0" >
6
7    <uses-sdk
8        android:minSdkVersion="23"
8-->src\main\AndroidManifest.xml
9        android:targetSdkVersion="30" />
9-->src\main\AndroidManifest.xml
10
11    <uses-permission android:name="android.permission.INTERNET" />
11-->src\main\AndroidManifest.xml:5:5-66
11-->src\main\AndroidManifest.xml:5:22-64
12    <uses-permission android:name="android.permission.ACCESS_NETWORK_STATE" />
12-->src\main\AndroidManifest.xml:6:5-79
12-->src\main\AndroidManifest.xml:6:22-76
13
14    <application
14-->src\main\AndroidManifest.xml:8:5-29:19
15        android:allowBackup="true"
15-->src\main\AndroidManifest.xml:9:9-35
16        android:appComponentFactory="androidx.core.app.CoreComponentFactory"
16-->[androidx.core:core:1.6.0] AndroidManifest.xml:24:18-86
17        android:debuggable="true"
18        android:extractNativeLibs="false"
19        android:icon="@mipmap/ic_launcher"
19-->src\main\AndroidManifest.xml:10:9-43
20        android:label="@string/app_name"
20-->src\main\AndroidManifest.xml:11:9-41
21        android:roundIcon="@mipmap/ic_launcher_round"
21-->src\main\AndroidManifest.xml:12:9-54
22        android:supportsRtl="true"
22-->src\main\AndroidManifest.xml:13:9-35
23        android:testOnly="true"
24        android:theme="@style/Theme.SugarZero" >
24-->src\main\AndroidManifest.xml:14:9-47
25        <activity android:name="com.projetoIntegrador.sugarzero.view.PrincipalView" >
25-->src\main\AndroidManifest.xml:15:9-16:20
25-->src\main\AndroidManifest.xml:15:19-84
26        </activity>
27        <activity android:name="com.projetoIntegrador.sugarzero.view.RegistroGlicemiaView" />
27-->src\main\AndroidManifest.xml:17:9-94
27-->src\main\AndroidManifest.xml:17:19-91
28        <activity android:name="com.projetoIntegrador.sugarzero.view.Splash" >
28-->src\main\AndroidManifest.xml:18:9-24:20
28-->src\main\AndroidManifest.xml:18:19-77
29            <intent-filter>
29-->src\main\AndroidManifest.xml:19:13-23:29
30                <action android:name="android.intent.action.MAIN" />
30-->src\main\AndroidManifest.xml:20:17-69
30-->src\main\AndroidManifest.xml:20:25-66
31
32                <category android:name="android.intent.category.LAUNCHER" />
32-->src\main\AndroidManifest.xml:22:17-77
32-->src\main\AndroidManifest.xml:22:27-74
33            </intent-filter>
34        </activity>
35        <activity android:name="com.projetoIntegrador.sugarzero.view.LoginView" />
35-->src\main\AndroidManifest.xml:25:9-92
35-->src\main\AndroidManifest.xml:25:19-80
36        <activity android:name="com.projetoIntegrador.sugarzero.view.CadastroView" />
36-->src\main\AndroidManifest.xml:26:9-95
36-->src\main\AndroidManifest.xml:26:19-83
37        <activity android:name="com.projetoIntegrador.sugarzero.view.GraficoView" />
37-->src\main\AndroidManifest.xml:27:9-85
37-->src\main\AndroidManifest.xml:27:19-82
38        <activity android:name="com.projetoIntegrador.sugarzero.view.ControleView" />
38-->src\main\AndroidManifest.xml:28:9-95
38-->src\main\AndroidManifest.xml:28:19-83
39    </application>
40
41</manifest>